<?xml version="1.0" encoding="UTF-8"?>
<!-- Generated by org.testng.reporters.JUnitReportReporter -->
<testsuite hostname="LAPTOP-P3LP6Q63" failures="0" tests="12" name="com.trishana.maven.samples.TestngExample" time="0.073" errors="0" timestamp="18 Dec 2018 10:11:30 GMT" skipped="0">
  <testcase classname="com.trishana.maven.samples.TestngExample" name="testmethod1" time="0.000"/>
  <testcase classname="com.trishana.maven.samples.TestngExample" name="testmethod1" time="0.015"/>
  <testcase classname="com.trishana.maven.samples.TestngExample" name="testmethod2" time="0.000"/>
  <testcase classname="com.trishana.maven.samples.TestngExample" name="testmethod1" time="0.000"/>
  <testcase classname="com.trishana.maven.samples.TestngExample" name="testmethod1" time="0.000"/>
  <testcase classname="com.trishana.maven.samples.TestngExample" name="testmethod1" time="0.000"/>
  <testcase classname="com.trishana.maven.samples.TestngExample" name="testmethod3" time="0.000"/>
  <testcase classname="com.trishana.maven.samples.TestngExample" name="testmethod1" time="0.000"/>
  <testcase classname="com.trishana.maven.samples.TestngExample" name="testmethod1" time="0.000"/>
  <testcase classname="com.trishana.maven.samples.TestngExample" name="testmethod1" time="0.016"/>
  <testcase classname="com.trishana.maven.samples.TestngExample" name="testmethod1" time="0.042"/>
  <testcase classname="com.trishana.maven.samples.TestngExample" name="testmethod1" time="0.000"/>
</testsuite> <!-- com.trishana.maven.samples.TestngExample -->
